2023/03/20 20:34:41 [emerg] 1#1: cannot load certificate "/etc/letsencrypt/live/example.com/fullchain.pem": BIO_new_file() failed (SSL: error:80000002:system library::No such file or directory:calling fopen(/etc/letsencrypt/live/example.com/fullchain.pem, r) error:10000080:BIO routines::no such file)
2023/03/20 20:34:41 [emerg] 1#1: cannot load certificate "/etc/letsencrypt/live/example.com/fullchain.pem": BIO_new_file() failed (SSL: error:80000002:system library::No such file or directory:calling fopen(/etc/letsencrypt/live/example.com/fullchain.pem, r) error:10000080:BIO routines::no such file)
2023/03/20 20:34:42 [emerg] 1#1: cannot load certificate "/etc/letsencrypt/live/example.com/fullchain.pem": BIO_new_file() failed (SSL: error:80000002:system library::No such file or directory:calling fopen(/etc/letsencrypt/live/example.com/fullchain.pem, r) error:10000080:BIO routines::no such file)
2023/03/20 20:34:43 [emerg] 1#1: cannot load certificate "/etc/letsencrypt/live/example.com/fullchain.pem": BIO_new_file() failed (SSL: error:80000002:system library::No such file or directory:calling fopen(/etc/letsencrypt/live/example.com/fullchain.pem, r) error:10000080:BIO routines::no such file)
2023/03/20 20:34:44 [emerg] 1#1: cannot load certificate "/etc/letsencrypt/live/example.com/fullchain.pem": BIO_new_file() failed (SSL: error:80000002:system library::No such file or directory:calling fopen(/etc/letsencrypt/live/example.com/fullchain.pem, r) error:10000080:BIO routines::no such file)
2023/03/20 20:34:46 [emerg] 1#1: cannot load certificate "/etc/letsencrypt/live/example.com/fullchain.pem": BIO_new_file() failed (SSL: error:80000002:system library::No such file or directory:calling fopen(/etc/letsencrypt/live/example.com/fullchain.pem, r) error:10000080:BIO routines::no such file)
2023/03/20 20:34:50 [emerg] 1#1: cannot load certificate "/etc/letsencrypt/live/example.com/fullchain.pem": BIO_new_file() failed (SSL: error:80000002:system library::No such file or directory:calling fopen(/etc/letsencrypt/live/example.com/fullchain.pem, r) error:10000080:BIO routines::no such file)
2023/03/20 20:34:57 [emerg] 1#1: cannot load certificate "/etc/letsencrypt/live/example.com/fullchain.pem": BIO_new_file() failed (SSL: error:80000002:system library::No such file or directory:calling fopen(/etc/letsencrypt/live/example.com/fullchain.pem, r) error:10000080:BIO routines::no such file)
2023/03/20 20:35:11 [emerg] 1#1: cannot load certificate "/etc/letsencrypt/live/example.com/fullchain.pem": BIO_new_file() failed (SSL: error:80000002:system library::No such file or directory:calling fopen(/etc/letsencrypt/live/example.com/fullchain.pem, r) error:10000080:BIO routines::no such file)
2023/03/20 20:35:37 [emerg] 1#1: cannot load certificate "/etc/letsencrypt/live/example.com/fullchain.pem": BIO_new_file() failed (SSL: error:80000002:system library::No such file or directory:calling fopen(/etc/letsencrypt/live/example.com/fullchain.pem, r) error:10000080:BIO routines::no such file)
2023/03/20 20:36:28 [emerg] 1#1: cannot load certificate "/etc/letsencrypt/live/example.com/fullchain.pem": BIO_new_file() failed (SSL: error:80000002:system library::No such file or directory:calling fopen(/etc/letsencrypt/live/example.com/fullchain.pem, r) error:10000080:BIO routines::no such file)
2023/03/20 20:37:29 [emerg] 1#1: cannot load certificate "/etc/letsencrypt/live/example.com/fullchain.pem": BIO_new_file() failed (SSL: error:80000002:system library::No such file or directory:calling fopen(/etc/letsencrypt/live/example.com/fullchain.pem, r) error:10000080:BIO routines::no such file)
2023/03/20 20:38:30 [emerg] 1#1: cannot load certificate "/etc/letsencrypt/live/example.com/fullchain.pem": BIO_new_file() failed (SSL: error:80000002:system library::No such file or directory:calling fopen(/etc/letsencrypt/live/example.com/fullchain.pem, r) error:10000080:BIO routines::no such file)
2023/03/20 20:39:30 [emerg] 1#1: cannot load certificate "/etc/letsencrypt/live/example.com/fullchain.pem": BIO_new_file() failed (SSL: error:80000002:system library::No such file or directory:calling fopen(/etc/letsencrypt/live/example.com/fullchain.pem, r) error:10000080:BIO routines::no such file)
2023/03/20 20:40:31 [emerg] 1#1: cannot load certificate "/etc/letsencrypt/live/example.com/fullchain.pem": BIO_new_file() failed (SSL: error:80000002:system library::No such file or directory:calling fopen(/etc/letsencrypt/live/example.com/fullchain.pem, r) error:10000080:BIO routines::no such file)
2023/03/20 20:41:31 [emerg] 1#1: cannot load certificate "/etc/letsencrypt/live/example.com/fullchain.pem": BIO_new_file() failed (SSL: error:80000002:system library::No such file or directory:calling fopen(/etc/letsencrypt/live/example.com/fullchain.pem, r) error:10000080:BIO routines::no such file)
2023/03/20 20:42:32 [emerg] 1#1: cannot load certificate "/etc/letsencrypt/live/example.com/fullchain.pem": BIO_new_file() failed (SSL: error:80000002:system library::No such file or directory:calling fopen(/etc/letsencrypt/live/example.com/fullchain.pem, r) error:10000080:BIO routines::no such file)
2023/03/20 20:43:33 [emerg] 1#1: cannot load certificate "/etc/letsencrypt/live/example.com/fullchain.pem": BIO_new_file() failed (SSL: error:80000002:system library::No such file or directory:calling fopen(/etc/letsencrypt/live/example.com/fullchain.pem, r) error:10000080:BIO routines::no such file)
2023/03/20 20:44:33 [emerg] 1#1: cannot load certificate "/etc/letsencrypt/live/example.com/fullchain.pem": BIO_new_file() failed (SSL: error:80000002:system library::No such file or directory:calling fopen(/etc/letsencrypt/live/example.com/fullchain.pem, r) error:10000080:BIO routines::no such file)
2023/03/20 20:45:34 [emerg] 1#1: cannot load certificate "/etc/letsencrypt/live/example.com/fullchain.pem": BIO_new_file() failed (SSL: error:80000002:system library::No such file or directory:calling fopen(/etc/letsencrypt/live/example.com/fullchain.pem, r) error:10000080:BIO routines::no such file)
2023/03/20 20:46:34 [emerg] 1#1: cannot load certificate "/etc/letsencrypt/live/example.com/fullchain.pem": BIO_new_file() failed (SSL: error:80000002:system library::No such file or directory:calling fopen(/etc/letsencrypt/live/example.com/fullchain.pem, r) error:10000080:BIO routines::no such file)
2023/03/20 20:47:35 [emerg] 1#1: cannot load certificate "/etc/letsencrypt/live/example.com/fullchain.pem": BIO_new_file() failed (SSL: error:80000002:system library::No such file or directory:calling fopen(/etc/letsencrypt/live/example.com/fullchain.pem, r) error:10000080:BIO routines::no such file)
2023/03/20 20:48:35 [emerg] 1#1: cannot load certificate "/etc/letsencrypt/live/example.com/fullchain.pem": BIO_new_file() failed (SSL: error:80000002:system library::No such file or directory:calling fopen(/etc/letsencrypt/live/example.com/fullchain.pem, r) error:10000080:BIO routines::no such file)
2023/03/20 20:49:36 [emerg] 1#1: cannot load certificate "/etc/letsencrypt/live/example.com/fullchain.pem": BIO_new_file() failed (SSL: error:80000002:system library::No such file or directory:calling fopen(/etc/letsencrypt/live/example.com/fullchain.pem, r) error:10000080:BIO routines::no such file)
2023/03/20 20:50:36 [emerg] 1#1: cannot load certificate "/etc/letsencrypt/live/example.com/fullchain.pem": BIO_new_file() failed (SSL: error:80000002:system library::No such file or directory:calling fopen(/etc/letsencrypt/live/example.com/fullchain.pem, r) error:10000080:BIO routines::no such file)
2023/03/20 20:51:37 [emerg] 1#1: cannot load certificate "/etc/letsencrypt/live/example.com/fullchain.pem": BIO_new_file() failed (SSL: error:80000002:system library::No such file or directory:calling fopen(/etc/letsencrypt/live/example.com/fullchain.pem, r) error:10000080:BIO routines::no such file)
2023/03/20 20:52:37 [emerg] 1#1: cannot load certificate "/etc/letsencrypt/live/example.com/fullchain.pem": BIO_new_file() failed (SSL: error:80000002:system library::No such file or directory:calling fopen(/etc/letsencrypt/live/example.com/fullchain.pem, r) error:10000080:BIO routines::no such file)
2023/03/20 20:53:38 [emerg] 1#1: cannot load certificate "/etc/letsencrypt/live/example.com/fullchain.pem": BIO_new_file() failed (SSL: error:80000002:system library::No such file or directory:calling fopen(/etc/letsencrypt/live/example.com/fullchain.pem, r) error:10000080:BIO routines::no such file)
2023/03/20 20:54:39 [emerg] 1#1: cannot load certificate "/etc/letsencrypt/live/example.com/fullchain.pem": BIO_new_file() failed (SSL: error:80000002:system library::No such file or directory:calling fopen(/etc/letsencrypt/live/example.com/fullchain.pem, r) error:10000080:BIO routines::no such file)
2023/03/20 20:55:39 [emerg] 1#1: cannot load certificate "/etc/letsencrypt/live/example.com/fullchain.pem": BIO_new_file() failed (SSL: error:80000002:system library::No such file or directory:calling fopen(/etc/letsencrypt/live/example.com/fullchain.pem, r) error:10000080:BIO routines::no such file)
2023/03/20 20:56:37 [emerg] 1#1: cannot load certificate "/etc/letsencrypt/live/example.com/fullchain.pem": BIO_new_file() failed (SSL: error:80000002:system library::No such file or directory:calling fopen(/etc/letsencrypt/live/example.com/fullchain.pem, r) error:10000080:BIO routines::no such file)
2023/03/20 20:56:38 [emerg] 1#1: cannot load certificate "/etc/letsencrypt/live/example.com/fullchain.pem": BIO_new_file() failed (SSL: error:80000002:system library::No such file or directory:calling fopen(/etc/letsencrypt/live/example.com/fullchain.pem, r) error:10000080:BIO routines::no such file)
2023/03/20 20:56:39 [emerg] 1#1: cannot load certificate "/etc/letsencrypt/live/example.com/fullchain.pem": BIO_new_file() failed (SSL: error:80000002:system library::No such file or directory:calling fopen(/etc/letsencrypt/live/example.com/fullchain.pem, r) error:10000080:BIO routines::no such file)
2023/03/20 20:56:40 [emerg] 1#1: cannot load certificate "/etc/letsencrypt/live/example.com/fullchain.pem": BIO_new_file() failed (SSL: error:80000002:system library::No such file or directory:calling fopen(/etc/letsencrypt/live/example.com/fullchain.pem, r) error:10000080:BIO routines::no such file)
2023/03/20 20:56:41 [emerg] 1#1: cannot load certificate "/etc/letsencrypt/live/example.com/fullchain.pem": BIO_new_file() failed (SSL: error:80000002:system library::No such file or directory:calling fopen(/etc/letsencrypt/live/example.com/fullchain.pem, r) error:10000080:BIO routines::no such file)
2023/03/20 20:56:43 [emerg] 1#1: cannot load certificate "/etc/letsencrypt/live/example.com/fullchain.pem": BIO_new_file() failed (SSL: error:80000002:system library::No such file or directory:calling fopen(/etc/letsencrypt/live/example.com/fullchain.pem, r) error:10000080:BIO routines::no such file)
2023/03/20 20:56:47 [emerg] 1#1: cannot load certificate "/etc/letsencrypt/live/example.com/fullchain.pem": BIO_new_file() failed (SSL: error:80000002:system library::No such file or directory:calling fopen(/etc/letsencrypt/live/example.com/fullchain.pem, r) error:10000080:BIO routines::no such file)
2023/03/20 20:56:54 [emerg] 1#1: cannot load certificate "/etc/letsencrypt/live/example.com/fullchain.pem": BIO_new_file() failed (SSL: error:80000002:system library::No such file or directory:calling fopen(/etc/letsencrypt/live/example.com/fullchain.pem, r) error:10000080:BIO routines::no such file)
2023/03/20 20:57:07 [emerg] 1#1: cannot load certificate "/etc/letsencrypt/live/example.com/fullchain.pem": BIO_new_file() failed (SSL: error:80000002:system library::No such file or directory:calling fopen(/etc/letsencrypt/live/example.com/fullchain.pem, r) error:10000080:BIO routines::no such file)
2023/03/20 20:57:33 [emerg] 1#1: cannot load certificate "/etc/letsencrypt/live/example.com/fullchain.pem": BIO_new_file() failed (SSL: error:80000002:system library::No such file or directory:calling fopen(/etc/letsencrypt/live/example.com/fullchain.pem, r) error:10000080:BIO routines::no such file)
2023/03/20 20:58:25 [emerg] 1#1: cannot load certificate "/etc/letsencrypt/live/example.com/fullchain.pem": BIO_new_file() failed (SSL: error:80000002:system library::No such file or directory:calling fopen(/etc/letsencrypt/live/example.com/fullchain.pem, r) error:10000080:BIO routines::no such file)
2023/03/20 20:59:26 [emerg] 1#1: cannot load certificate "/etc/letsencrypt/live/example.com/fullchain.pem": BIO_new_file() failed (SSL: error:80000002:system library::No such file or directory:calling fopen(/etc/letsencrypt/live/example.com/fullchain.pem, r) error:10000080:BIO routines::no such file)
2023/03/20 21:00:26 [emerg] 1#1: cannot load certificate "/etc/letsencrypt/live/example.com/fullchain.pem": BIO_new_file() failed (SSL: error:80000002:system library::No such file or directory:calling fopen(/etc/letsencrypt/live/example.com/fullchain.pem, r) error:10000080:BIO routines::no such file)
2023/03/20 21:01:27 [emerg] 1#1: cannot load certificate "/etc/letsencrypt/live/example.com/fullchain.pem": BIO_new_file() failed (SSL: error:80000002:system library::No such file or directory:calling fopen(/etc/letsencrypt/live/example.com/fullchain.pem, r) error:10000080:BIO routines::no such file)
2023/03/20 21:02:27 [emerg] 1#1: cannot load certificate "/etc/letsencrypt/live/example.com/fullchain.pem": BIO_new_file() failed (SSL: error:80000002:system library::No such file or directory:calling fopen(/etc/letsencrypt/live/example.com/fullchain.pem, r) error:10000080:BIO routines::no such file)
2023/03/20 21:03:28 [emerg] 1#1: cannot load certificate "/etc/letsencrypt/live/example.com/fullchain.pem": BIO_new_file() failed (SSL: error:80000002:system library::No such file or directory:calling fopen(/etc/letsencrypt/live/example.com/fullchain.pem, r) error:10000080:BIO routines::no such file)
2023/03/20 21:04:28 [emerg] 1#1: cannot load certificate "/etc/letsencrypt/live/example.com/fullchain.pem": BIO_new_file() failed (SSL: error:80000002:system library::No such file or directory:calling fopen(/etc/letsencrypt/live/example.com/fullchain.pem, r) error:10000080:BIO routines::no such file)
2023/03/20 21:05:29 [emerg] 1#1: cannot load certificate "/etc/letsencrypt/live/example.com/fullchain.pem": BIO_new_file() failed (SSL: error:80000002:system library::No such file or directory:calling fopen(/etc/letsencrypt/live/example.com/fullchain.pem, r) error:10000080:BIO routines::no such file)
2023/03/20 21:06:30 [emerg] 1#1: cannot load certificate "/etc/letsencrypt/live/example.com/fullchain.pem": BIO_new_file() failed (SSL: error:80000002:system library::No such file or directory:calling fopen(/etc/letsencrypt/live/example.com/fullchain.pem, r) error:10000080:BIO routines::no such file)
2023/03/20 21:07:30 [emerg] 1#1: cannot load certificate "/etc/letsencrypt/live/example.com/fullchain.pem": BIO_new_file() failed (SSL: error:80000002:system library::No such file or directory:calling fopen(/etc/letsencrypt/live/example.com/fullchain.pem, r) error:10000080:BIO routines::no such file)
2023/03/20 21:08:16 [emerg] 1#1: cannot load certificate "/etc/letsencrypt/live/example.com/fullchain.pem": BIO_new_file() failed (SSL: error:80000002:system library::No such file or directory:calling fopen(/etc/letsencrypt/live/example.com/fullchain.pem, r) error:10000080:BIO routines::no such file)
2023/03/20 21:08:16 [emerg] 1#1: cannot load certificate "/etc/letsencrypt/live/example.com/fullchain.pem": BIO_new_file() failed (SSL: error:80000002:system library::No such file or directory:calling fopen(/etc/letsencrypt/live/example.com/fullchain.pem, r) error:10000080:BIO routines::no such file)
2023/03/20 21:08:17 [emerg] 1#1: cannot load certificate "/etc/letsencrypt/live/example.com/fullchain.pem": BIO_new_file() failed (SSL: error:80000002:system library::No such file or directory:calling fopen(/etc/letsencrypt/live/example.com/fullchain.pem, r) error:10000080:BIO routines::no such file)
2023/03/20 21:08:18 [emerg] 1#1: cannot load certificate "/etc/letsencrypt/live/example.com/fullchain.pem": BIO_new_file() failed (SSL: error:80000002:system library::No such file or directory:calling fopen(/etc/letsencrypt/live/example.com/fullchain.pem, r) error:10000080:BIO routines::no such file)
2023/03/20 21:08:19 [emerg] 1#1: cannot load certificate "/etc/letsencrypt/live/example.com/fullchain.pem": BIO_new_file() failed (SSL: error:80000002:system library::No such file or directory:calling fopen(/etc/letsencrypt/live/example.com/fullchain.pem, r) error:10000080:BIO routines::no such file)
2023/03/20 21:08:21 [emerg] 1#1: cannot load certificate "/etc/letsencrypt/live/example.com/fullchain.pem": BIO_new_file() failed (SSL: error:80000002:system library::No such file or directory:calling fopen(/etc/letsencrypt/live/example.com/fullchain.pem, r) error:10000080:BIO routines::no such file)
2023/03/20 21:08:25 [emerg] 1#1: cannot load certificate "/etc/letsencrypt/live/example.com/fullchain.pem": BIO_new_file() failed (SSL: error:80000002:system library::No such file or directory:calling fopen(/etc/letsencrypt/live/example.com/fullchain.pem, r) error:10000080:BIO routines::no such file)
2023/03/20 21:08:32 [emerg] 1#1: cannot load certificate "/etc/letsencrypt/live/example.com/fullchain.pem": BIO_new_file() failed (SSL: error:80000002:system library::No such file or directory:calling fopen(/etc/letsencrypt/live/example.com/fullchain.pem, r) error:10000080:BIO routines::no such file)
2023/03/20 21:08:45 [emerg] 1#1: cannot load certificate "/etc/letsencrypt/live/example.com/fullchain.pem": BIO_new_file() failed (SSL: error:80000002:system library::No such file or directory:calling fopen(/etc/letsencrypt/live/example.com/fullchain.pem, r) error:10000080:BIO routines::no such file)
2023/03/20 21:09:11 [emerg] 1#1: cannot load certificate "/etc/letsencrypt/live/example.com/fullchain.pem": BIO_new_file() failed (SSL: error:80000002:system library::No such file or directory:calling fopen(/etc/letsencrypt/live/example.com/fullchain.pem, r) error:10000080:BIO routines::no such file)
2023/03/20 21:10:03 [emerg] 1#1: cannot load certificate "/etc/letsencrypt/live/example.com/fullchain.pem": BIO_new_file() failed (SSL: error:80000002:system library::No such file or directory:calling fopen(/etc/letsencrypt/live/example.com/fullchain.pem, r) error:10000080:BIO routines::no such file)
2023/03/20 21:11:04 [emerg] 1#1: cannot load certificate "/etc/letsencrypt/live/example.com/fullchain.pem": BIO_new_file() failed (SSL: error:80000002:system library::No such file or directory:calling fopen(/etc/letsencrypt/live/example.com/fullchain.pem, r) error:10000080:BIO routines::no such file)
2023/03/20 21:12:05 [emerg] 1#1: cannot load certificate "/etc/letsencrypt/live/example.com/fullchain.pem": BIO_new_file() failed (SSL: error:80000002:system library::No such file or directory:calling fopen(/etc/letsencrypt/live/example.com/fullchain.pem, r) error:10000080:BIO routines::no such file)
2023/03/20 21:13:05 [emerg] 1#1: cannot load certificate "/etc/letsencrypt/live/example.com/fullchain.pem": BIO_new_file() failed (SSL: error:80000002:system library::No such file or directory:calling fopen(/etc/letsencrypt/live/example.com/fullchain.pem, r) error:10000080:BIO routines::no such file)
2023/03/20 21:14:06 [emerg] 1#1: cannot load certificate "/etc/letsencrypt/live/example.com/fullchain.pem": BIO_new_file() failed (SSL: error:80000002:system library::No such file or directory:calling fopen(/etc/letsencrypt/live/example.com/fullchain.pem, r) error:10000080:BIO routines::no such file)
2023/03/20 21:15:07 [emerg] 1#1: cannot load certificate "/etc/letsencrypt/live/example.com/fullchain.pem": BIO_new_file() failed (SSL: error:80000002:system library::No such file or directory:calling fopen(/etc/letsencrypt/live/example.com/fullchain.pem, r) error:10000080:BIO routines::no such file)
2023/03/20 21:16:08 [emerg] 1#1: cannot load certificate "/etc/letsencrypt/live/example.com/fullchain.pem": BIO_new_file() failed (SSL: error:80000002:system library::No such file or directory:calling fopen(/etc/letsencrypt/live/example.com/fullchain.pem, r) error:10000080:BIO routines::no such file)
2023/03/20 21:17:09 [emerg] 1#1: cannot load certificate "/etc/letsencrypt/live/example.com/fullchain.pem": BIO_new_file() failed (SSL: error:80000002:system library::No such file or directory:calling fopen(/etc/letsencrypt/live/example.com/fullchain.pem, r) error:10000080:BIO routines::no such file)
2023/03/20 21:18:09 [emerg] 1#1: cannot load certificate "/etc/letsencrypt/live/example.com/fullchain.pem": BIO_new_file() failed (SSL: error:80000002:system library::No such file or directory:calling fopen(/etc/letsencrypt/live/example.com/fullchain.pem, r) error:10000080:BIO routines::no such file)
2023/03/20 21:19:10 [emerg] 1#1: cannot load certificate "/etc/letsencrypt/live/example.com/fullchain.pem": BIO_new_file() failed (SSL: error:80000002:system library::No such file or directory:calling fopen(/etc/letsencrypt/live/example.com/fullchain.pem, r) error:10000080:BIO routines::no such file)
2023/03/20 21:20:11 [emerg] 1#1: cannot load certificate "/etc/letsencrypt/live/example.com/fullchain.pem": BIO_new_file() failed (SSL: error:80000002:system library::No such file or directory:calling fopen(/etc/letsencrypt/live/example.com/fullchain.pem, r) error:10000080:BIO routines::no such file)
2023/03/20 21:21:11 [emerg] 1#1: cannot load certificate "/etc/letsencrypt/live/example.com/fullchain.pem": BIO_new_file() failed (SSL: error:80000002:system library::No such file or directory:calling fopen(/etc/letsencrypt/live/example.com/fullchain.pem, r) error:10000080:BIO routines::no such file)
2023/03/20 21:22:12 [emerg] 1#1: cannot load certificate "/etc/letsencrypt/live/example.com/fullchain.pem": BIO_new_file() failed (SSL: error:80000002:system library::No such file or directory:calling fopen(/etc/letsencrypt/live/example.com/fullchain.pem, r) error:10000080:BIO routines::no such file)
2023/03/20 21:23:12 [emerg] 1#1: cannot load certificate "/etc/letsencrypt/live/example.com/fullchain.pem": BIO_new_file() failed (SSL: error:80000002:system library::No such file or directory:calling fopen(/etc/letsencrypt/live/example.com/fullchain.pem, r) error:10000080:BIO routines::no such file)
2023/03/20 21:24:13 [emerg] 1#1: cannot load certificate "/etc/letsencrypt/live/example.com/fullchain.pem": BIO_new_file() failed (SSL: error:80000002:system library::No such file or directory:calling fopen(/etc/letsencrypt/live/example.com/fullchain.pem, r) error:10000080:BIO routines::no such file)
2023/03/20 21:25:14 [emerg] 1#1: cannot load certificate "/etc/letsencrypt/live/example.com/fullchain.pem": BIO_new_file() failed (SSL: error:80000002:system library::No such file or directory:calling fopen(/etc/letsencrypt/live/example.com/fullchain.pem, r) error:10000080:BIO routines::no such file)
2023/03/20 21:26:14 [emerg] 1#1: cannot load certificate "/etc/letsencrypt/live/example.com/fullchain.pem": BIO_new_file() failed (SSL: error:80000002:system library::No such file or directory:calling fopen(/etc/letsencrypt/live/example.com/fullchain.pem, r) error:10000080:BIO routines::no such file)
2023/03/20 21:27:15 [emerg] 1#1: cannot load certificate "/etc/letsencrypt/live/example.com/fullchain.pem": BIO_new_file() failed (SSL: error:80000002:system library::No such file or directory:calling fopen(/etc/letsencrypt/live/example.com/fullchain.pem, r) error:10000080:BIO routines::no such file)
2023/03/20 21:28:15 [emerg] 1#1: cannot load certificate "/etc/letsencrypt/live/example.com/fullchain.pem": BIO_new_file() failed (SSL: error:80000002:system library::No such file or directory:calling fopen(/etc/letsencrypt/live/example.com/fullchain.pem, r) error:10000080:BIO routines::no such file)
2023/03/20 21:29:16 [emerg] 1#1: cannot load certificate "/etc/letsencrypt/live/example.com/fullchain.pem": BIO_new_file() failed (SSL: error:80000002:system library::No such file or directory:calling fopen(/etc/letsencrypt/live/example.com/fullchain.pem, r) error:10000080:BIO routines::no such file)
2023/03/20 21:30:11 [notice] 1#1: using the "epoll" event method
2023/03/20 21:30:11 [notice] 1#1: nginx/1.23.3
2023/03/20 21:30:11 [notice] 1#1: built by gcc 12.2.1 20220924 (Alpine 12.2.1_git20220924-r4) 
2023/03/20 21:30:11 [notice] 1#1: OS: Linux 5.4.0-125-generic
2023/03/20 21:30:11 [notice] 1#1: getrlimit(RLIMIT_NOFILE): 1048576:1048576
2023/03/20 21:30:11 [notice] 1#1: start worker processes
2023/03/20 21:30:11 [notice] 1#1: start worker process 20
2023/03/20 21:30:11 [notice] 1#1: start worker process 21
2023/03/20 21:30:11 [notice] 1#1: start worker process 22
2023/03/20 21:30:11 [notice] 1#1: start worker process 23
2023/03/20 21:31:15 [notice] 1#1: signal 3 (SIGQUIT) received, shutting down
2023/03/20 21:31:15 [notice] 21#21: gracefully shutting down
2023/03/20 21:31:15 [notice] 20#20: gracefully shutting down
2023/03/20 21:31:15 [notice] 20#20: exiting
2023/03/20 21:31:15 [notice] 21#21: exiting
2023/03/20 21:31:15 [notice] 21#21: exit
2023/03/20 21:31:15 [notice] 20#20: exit
2023/03/20 21:31:15 [notice] 22#22: gracefully shutting down
2023/03/20 21:31:15 [notice] 22#22: exiting
2023/03/20 21:31:15 [notice] 22#22: exit
2023/03/20 21:31:15 [notice] 23#23: gracefully shutting down
2023/03/20 21:31:15 [notice] 23#23: exiting
2023/03/20 21:31:15 [notice] 23#23: exit
2023/03/20 21:31:15 [notice] 1#1: signal 17 (SIGCHLD) received from 20
2023/03/20 21:31:15 [notice] 1#1: worker process 20 exited with code 0
2023/03/20 21:31:15 [notice] 1#1: signal 29 (SIGIO) received
2023/03/20 21:31:15 [notice] 1#1: signal 17 (SIGCHLD) received from 23
2023/03/20 21:31:15 [notice] 1#1: worker process 23 exited with code 0
2023/03/20 21:31:15 [notice] 1#1: signal 29 (SIGIO) received
2023/03/20 21:31:15 [notice] 1#1: signal 17 (SIGCHLD) received from 22
2023/03/20 21:31:15 [notice] 1#1: worker process 22 exited with code 0
2023/03/20 21:31:15 [notice] 1#1: signal 29 (SIGIO) received
2023/03/20 21:31:15 [notice] 1#1: signal 17 (SIGCHLD) received from 21
2023/03/20 21:31:15 [notice] 1#1: worker process 21 exited with code 0
2023/03/20 21:31:15 [notice] 1#1: exit
2023/03/20 21:31:16 [notice] 1#1: using the "epoll" event method
2023/03/20 21:31:16 [notice] 1#1: nginx/1.23.3
2023/03/20 21:31:16 [notice] 1#1: built by gcc 12.2.1 20220924 (Alpine 12.2.1_git20220924-r4) 
2023/03/20 21:31:16 [notice] 1#1: OS: Linux 5.4.0-125-generic
2023/03/20 21:31:16 [notice] 1#1: getrlimit(RLIMIT_NOFILE): 1048576:1048576
2023/03/20 21:31:16 [notice] 1#1: start worker processes
2023/03/20 21:31:16 [notice] 1#1: start worker process 20
2023/03/20 21:31:16 [notice] 1#1: start worker process 21
2023/03/20 21:31:16 [notice] 1#1: start worker process 22
2023/03/20 21:31:16 [notice] 1#1: start worker process 23
